{
  "stats": {
    "suites": 1,
    "tests": 1,
    "passes": 1,
    "pending": 0,
    "failures": 0,
    "start": "2022-04-11T09:03:03.484Z",
    "end": "2022-04-11T09:03:03.665Z",
    "duration": 181,
    "testsRegistered": 1,
    "passPercent": 100,
    "pendingPercent": 0,
    "other": 0,
    "hasOther": false,
    "skipped": 0,
    "hasSkipped": false
  },
  "results": [
    {
      "uuid": "686df202-2cb4-489d-b2ce-796679034c4a",
      "title": "",
      "fullFile": "cypress/integration/Get-Book/dont-get-book.spec.js",
      "file": "cypress/integration/Get-Book/dont-get-book.spec.js",
      "beforeHooks": [],
      "afterHooks": [],
      "tests": [],
      "suites": [
        {
          "uuid": "bd63c84c-8775-4c1e-a894-247e6d172a35",
          "title": "Failed book access test",
          "fullFile": "",
          "file": "",
          "beforeHooks": [],
          "afterHooks": [],
          "tests": [
            {
              "title": "should return a 503 error",
              "fullTitle": "Failed book access test should return a 503 error",
              "timedOut": null,
              "duration": 166,
              "state": "passed",
              "speed": "fast",
              "pass": true,
              "fail": false,
              "pending": false,
              "context": null,
              "code": "cy.getBook(\"badID\").then(resp => {\n  expect(resp.status).to.eql(503);\n});",
              "err": {},
              "uuid": "c1aa94bc-5842-4e8d-a12e-f3b284929e86",
              "parentUUID": "bd63c84c-8775-4c1e-a894-247e6d172a35",
              "isHook": false,
              "skipped": false
            }
          ],
          "suites": [],
          "passes": [
            "c1aa94bc-5842-4e8d-a12e-f3b284929e86"
          ],
          "failures": [],
          "pending": [],
          "skipped": [],
          "duration": 166,
          "root": false,
          "rootEmpty": false,
          "_timeout": 2000
        }
      ],
      "passes": [],
      "failures": [],
      "pending": [],
      "skipped": [],
      "duration": 0,
      "root": true,
      "rootEmpty": true,
      "_timeout": 2000
    }
  ],
  "meta": {
    "mocha": {
      "version": "7.0.1"
    },
    "mochawesome": {
      "options": {
        "quiet": false,
        "reportFilename": "mochawesome",
        "saveHtml": false,
        "saveJson": true,
        "consoleReporter": "spec",
        "useInlineDiffs": false,
        "code": true
      },
      "version": "7.1.3"
    },
    "marge": {
      "options": {
        "reportDir": "cypress/results",
        "overwrite": false,
        "html": false,
        "json": true
      },
      "version": "6.2.0"
    }
  }
}