{
  "stats": {
    "suites": 1,
    "tests": 1,
    "passes": 1,
    "pending": 0,
    "failures": 0,
    "start": "2022-04-11T09:02:55.203Z",
    "end": "2022-04-11T09:02:56.381Z",
    "duration": 1178,
    "testsRegistered": 1,
    "passPercent": 100,
    "pendingPercent": 0,
    "other": 0,
    "hasOther": false,
    "skipped": 0,
    "hasSkipped": false
  },
  "results": [
    {
      "uuid": "c943eaa7-6f93-4f8e-9dcb-69d9b6526feb",
      "title": "",
      "fullFile": "cypress/integration/List-Books/list-book.spec.js",
      "file": "cypress/integration/List-Books/list-book.spec.js",
      "beforeHooks": [],
      "afterHooks": [],
      "tests": [],
      "suites": [
        {
          "uuid": "8161ec9f-145b-4cd0-a5fe-1021ce74e77c",
          "title": "Passing test for obtaining a list of books",
          "fullFile": "",
          "file": "",
          "beforeHooks": [],
          "afterHooks": [],
          "tests": [
            {
              "title": "test",
              "fullTitle": "Passing test for obtaining a list of books test",
              "timedOut": null,
              "duration": 1133,
              "state": "passed",
              "speed": "fast",
              "pass": true,
              "fail": false,
              "pending": false,
              "context": null,
              "code": "cy.bookSearch(\"The way of Kings\").then(response => {\n  cy.log(response.body);\n  expect(response.status).to.eq(200);\n  expect(response.body).to.not.be.null; // expect(response.body).to.have.jsonSchema(schema);\n  //expect(response.body.items).to.deep.eq(\"The way of Kings\");\n  expect(response.body).to.be.jsonSchema(schema);\n});",
              "err": {},
              "uuid": "3c60a341-c80e-438d-b6ca-47ca022c1a35",
              "parentUUID": "8161ec9f-145b-4cd0-a5fe-1021ce74e77c",
              "isHook": false,
              "skipped": false
            }
          ],
          "suites": [],
          "passes": [
            "3c60a341-c80e-438d-b6ca-47ca022c1a35"
          ],
          "failures": [],
          "pending": [],
          "skipped": [],
          "duration": 1133,
          "root": false,
          "rootEmpty": false,
          "_timeout": 2000
        }
      ],
      "passes": [],
      "failures": [],
      "pending": [],
      "skipped": [],
      "duration": 0,
      "root": true,
      "rootEmpty": true,
      "_timeout": 2000
    }
  ],
  "meta": {
    "mocha": {
      "version": "7.0.1"
    },
    "mochawesome": {
      "options": {
        "quiet": false,
        "reportFilename": "mochawesome",
        "saveHtml": false,
        "saveJson": true,
        "consoleReporter": "spec",
        "useInlineDiffs": false,
        "code": true
      },
      "version": "7.1.3"
    },
    "marge": {
      "options": {
        "reportDir": "cypress/results",
        "overwrite": false,
        "html": false,
        "json": true
      },
      "version": "6.2.0"
    }
  }
}