{
  "stats": {
    "suites": 1,
    "tests": 1,
    "passes": 1,
    "pending": 0,
    "failures": 0,
    "start": "2022-04-11T09:02:57.601Z",
    "end": "2022-04-11T09:02:57.910Z",
    "duration": 309,
    "testsRegistered": 1,
    "passPercent": 100,
    "pendingPercent": 0,
    "other": 0,
    "hasOther": false,
    "skipped": 0,
    "hasSkipped": false
  },
  "results": [
    {
      "uuid": "fb2a4334-3d92-4994-b00a-72fc2754cad0",
      "title": "",
      "fullFile": "cypress/integration/List-Books/list-not-book.spec.js",
      "file": "cypress/integration/List-Books/list-not-book.spec.js",
      "beforeHooks": [],
      "afterHooks": [],
      "tests": [],
      "suites": [
        {
          "uuid": "353888ba-3761-4458-ba2b-260b31c6ea96",
          "title": "Failed test for obtaining a list of books",
          "fullFile": "",
          "file": "",
          "beforeHooks": [],
          "afterHooks": [],
          "tests": [
            {
              "title": "should return an ampty result",
              "fullTitle": "Failed test for obtaining a list of books should return an ampty result",
              "timedOut": null,
              "duration": 289,
              "state": "passed",
              "speed": "fast",
              "pass": true,
              "fail": false,
              "pending": false,
              "context": null,
              "code": "cy.bookSearch(\"badQuery\").then(response => {\n  expect(response.status).to.eql(200);\n  expect(response.body.totalItems).to.eql(0);\n});",
              "err": {},
              "uuid": "d014bd5c-dfc1-41b2-b3a6-94c19717bbc2",
              "parentUUID": "353888ba-3761-4458-ba2b-260b31c6ea96",
              "isHook": false,
              "skipped": false
            }
          ],
          "suites": [],
          "passes": [
            "d014bd5c-dfc1-41b2-b3a6-94c19717bbc2"
          ],
          "failures": [],
          "pending": [],
          "skipped": [],
          "duration": 289,
          "root": false,
          "rootEmpty": false,
          "_timeout": 2000
        }
      ],
      "passes": [],
      "failures": [],
      "pending": [],
      "skipped": [],
      "duration": 0,
      "root": true,
      "rootEmpty": true,
      "_timeout": 2000
    }
  ],
  "meta": {
    "mocha": {
      "version": "7.0.1"
    },
    "mochawesome": {
      "options": {
        "quiet": false,
        "reportFilename": "mochawesome",
        "saveHtml": false,
        "saveJson": true,
        "consoleReporter": "spec",
        "useInlineDiffs": false,
        "code": true
      },
      "version": "7.1.3"
    },
    "marge": {
      "options": {
        "reportDir": "cypress/results",
        "overwrite": false,
        "html": false,
        "json": true
      },
      "version": "6.2.0"
    }
  }
}