{
  "stats": {
    "suites": 1,
    "tests": 1,
    "passes": 1,
    "pending": 0,
    "failures": 0,
    "start": "2022-04-11T09:03:01.650Z",
    "end": "2022-04-11T09:03:01.899Z",
    "duration": 249,
    "testsRegistered": 1,
    "passPercent": 100,
    "pendingPercent": 0,
    "other": 0,
    "hasOther": false,
    "skipped": 0,
    "hasSkipped": false
  },
  "results": [
    {
      "uuid": "60099c94-d239-4f0f-986e-af08f57c4b14",
      "title": "",
      "fullFile": "cypress/integration/Get-Book/get-book.spec.js",
      "file": "cypress/integration/Get-Book/get-book.spec.js",
      "beforeHooks": [],
      "afterHooks": [],
      "tests": [],
      "suites": [
        {
          "uuid": "1aac6ec4-a740-407d-8f96-590ccfe94e50",
          "title": "Passing test for access to a book",
          "fullFile": "",
          "file": "",
          "beforeHooks": [],
          "afterHooks": [],
          "tests": [
            {
              "title": "should return a book with corresponding ID",
              "fullTitle": "Passing test for access to a book should return a book with corresponding ID",
              "timedOut": null,
              "duration": 223,
              "state": "passed",
              "speed": "fast",
              "pass": true,
              "fail": false,
              "pending": false,
              "context": null,
              "code": "cy.getBook(\"TWKQPwAACAAJ\").then(resp => {\n  expect(resp.status).to.eql(200);\n  expect(resp.body).to.not.be.null;\n  expect(resp.body).to.be.jsonSchema(schema);\n  expect(resp.body.id).to.eql(\"TWKQPwAACAAJ\");\n  expect(resp.body.volumeInfo.title).to.eql(\"Fondation\");\n  expect(resp.body.volumeInfo.authors[0]).to.eql(\"Isaac Asimov\");\n});",
              "err": {},
              "uuid": "e6f4d8d8-4780-434b-9ae9-237d4d1f0a5c",
              "parentUUID": "1aac6ec4-a740-407d-8f96-590ccfe94e50",
              "isHook": false,
              "skipped": false
            }
          ],
          "suites": [],
          "passes": [
            "e6f4d8d8-4780-434b-9ae9-237d4d1f0a5c"
          ],
          "failures": [],
          "pending": [],
          "skipped": [],
          "duration": 223,
          "root": false,
          "rootEmpty": false,
          "_timeout": 2000
        }
      ],
      "passes": [],
      "failures": [],
      "pending": [],
      "skipped": [],
      "duration": 0,
      "root": true,
      "rootEmpty": true,
      "_timeout": 2000
    }
  ],
  "meta": {
    "mocha": {
      "version": "7.0.1"
    },
    "mochawesome": {
      "options": {
        "quiet": false,
        "reportFilename": "mochawesome",
        "saveHtml": false,
        "saveJson": true,
        "consoleReporter": "spec",
        "useInlineDiffs": false,
        "code": true
      },
      "version": "7.1.3"
    },
    "marge": {
      "options": {
        "reportDir": "cypress/results",
        "overwrite": false,
        "html": false,
        "json": true
      },
      "version": "6.2.0"
    }
  }
}